Build started 27-02-2017 14:10:18.
     1>Project "D:\File_Exchange_v9.0&v9.1\Projects_v9_x86\Sink_Hole_using_AODV_v9\AODV\AODV.vcxproj" on node 2 (rebuild target(s)).
     1>_PrepareForClean:
         Deleting file "Debug\AODV.lastbuildstate".
     1>C:\Program Files (x86)\MSBuild\Microsoft.Cpp\v4.0\Microsoft.CppBuild.targets(299,5): warning MSB8004: Output Directory does not end with a trailing slash.  This build instance will add the slash as it is required to allow proper evaluation of the Output Directory.
         Creating directory "..\Dll\".
       InitializeBuildStatus:
         Creating "Debug\AODV.unsuccessfulbuild" because "AlwaysCreate" was specified.
       ClCompile:
         C:\Program Files (x86)\Microsoft Visual Studio 10.0\VC\bin\CL.exe /c /I..\Include /ZI /nologo /W3 /WX- /Od /Oy- /D WIN32 /D _DEBUG /D _WINDOWS /D _USRDLL /D AODV_EXPORTS /D _WINDLL /D _UNICODE /D UNICODE /Gm /EHsc /RTC1 /MDd /GS /fp:precise /Zc:wchar_t /Zc:forScope /Fo"Debug\\" /Fd"Debug\vc100.pdb" /Gd /TC /analyze- /errorReport:prompt AODV.c AODV_CheckRouteFound.c AODV_RouteError.c FIFOBuffer.c GeneralPacketProcessing.c HelloMessage.c Malicious.c RouteMaint.c RouteTable.c RREP.c RREQ.c
         RREQ.c
         RREP.c
         RouteTable.c
         RouteMaint.c
         Malicious.c
         HelloMessage.c
         GeneralPacketProcessing.c
         FIFOBuffer.c
         AODV_RouteError.c
         AODV_CheckRouteFound.c
         AODV.c
     1>d:\file_exchange_v9.0&v9.1\projects_v9_x86\sink_hole_using_aodv_v9\aodv\aodv.c(108): warning C4013: 'fn_NetSim_AODV_MaliciousNode' undefined; assuming extern returning int
     1>d:\file_exchange_v9.0&v9.1\projects_v9_x86\sink_hole_using_aodv_v9\aodv\aodv.c(109): warning C4013: 'fn_NetSim_AODV_MaliciousRouteAddToCache' undefined; assuming extern returning int
     1>d:\file_exchange_v9.0&v9.1\projects_v9_x86\sink_hole_using_aodv_v9\aodv\aodv.c(131): warning C4013: 'fn_NetSim_AODV_MaliciousProcessSourceRouteOption' undefined; assuming extern returning int
         Generating Code...
     1>C:\Program Files (x86)\MSBuild\Microsoft.Cpp\v4.0\Microsoft.CppBuild.targets(990,5): warning MSB8012: TargetPath(D:\File_Exchange_v9.0&v9.1\Projects_v9_x86\Sink_Hole_using_AODV_v9\AODV\..\Dll\AODV.dll) does not match the Linker's OutputFile property value (D:\File_Exchange_v9.0&v9.1\Projects_v9_x86\Sink_Hole_using_AODV_v9\Dll\libAODV.dll). This may cause your project to build incorrectly. To correct this, please make sure that $(OutDir), $(TargetName) and $(TargetExt) property values match the value specified in %(Link.OutputFile).
     1>C:\Program Files (x86)\MSBuild\Microsoft.Cpp\v4.0\Microsoft.CppBuild.targets(992,5): warning MSB8012: TargetName(AODV) does not match the Linker's OutputFile property value (libAODV). This may cause your project to build incorrectly. To correct this, please make sure that $(OutDir), $(TargetName) and $(TargetExt) property values match the value specified in %(Link.OutputFile).
       Link:
         C:\Program Files (x86)\Microsoft Visual Studio 10.0\VC\bin\link.exe /ERRORREPORT:PROMPT /OUT:"..\Dll\libAODV.dll" /INCREMENTAL:NO /NOLOGO /LIBPATH:..\lib kernel32.lib user32.lib gdi32.lib winspool.lib comdlg32.lib advapi32.lib shell32.lib ole32.lib oleaut32.lib uuid.lib odbc32.lib odbccp32.lib /MANIFEST /ManifestFile:"Debug\AODV.dll.intermediate.manifest" /MANIFESTUAC:"level='asInvoker' uiAccess='false'" /DEBUG /PDB:"D:\File_Exchange_v9.0&v9.1\Projects_v9_x86\Sink_Hole_using_AODV_v9\Dll\AODV.pdb" /SUBSYSTEM:WINDOWS /TLBID:1 /DYNAMICBASE /NXCOMPAT /IMPLIB:"..\Dll\AODV.lib" /MACHINE:X86 /DLL Debug\AODV.obj
         Debug\AODV_CheckRouteFound.obj
         Debug\AODV_RouteError.obj
         Debug\FIFOBuffer.obj
         Debug\GeneralPacketProcessing.obj
         Debug\HelloMessage.obj
         Debug\Malicious.obj
         Debug\RouteMaint.obj
         Debug\RouteTable.obj
         Debug\RREP.obj
         Debug\RREQ.obj AODV.lib NetworkStack.lib Metrics.lib List.lib 
     1>AODV.obj : warning LNK4075: ignoring '/EDITANDCONTINUE' due to '/INCREMENTAL:NO' specification
         AODV.lib(AODVlib.obj) : MSIL .netmodule or module compiled with /GL found; restarting link with /LTCG; add /LTCG to the link command line to improve linker performance
     1>AODV.obj : warning LNK4075: ignoring '/EDITANDCONTINUE' due to '/INCREMENTAL:NO' specification
            Creating library ..\Dll\AODV.lib and object ..\Dll\AODV.exp
     1>LINK : warning LNK4098: defaultlib 'MSVCRT' conflicts with use of other libs; use /NODEFAULTLIB:library
         Generating code
         Finished generating code
     1>AODV.lib(AODVlib.obj) : warning LNK4099: PDB 'vc100.pdb' was not found with 'AODV.lib(AODVlib.obj)' or at 'D:\File_Exchange_v9.0&v9.1\Projects_v9_x86\Sink_Hole_using_AODV_v9\Dll\vc100.pdb'; linking object as if no debug info
     1>List.lib(List.obj) : warning LNK4099: PDB 'vc100.pdb' was not found with 'List.lib(List.obj)' or at 'D:\File_Exchange_v9.0&v9.1\Projects_v9_x86\Sink_Hole_using_AODV_v9\Dll\vc100.pdb'; linking object as if no debug info
         AODV.vcxproj -> D:\File_Exchange_v9.0&v9.1\Projects_v9_x86\Sink_Hole_using_AODV_v9\AODV\..\Dll\AODV.dll
       Manifest:
         C:\Program Files (x86)\Microsoft SDKs\Windows\v7.0A\bin\mt.exe /nologo /verbose /outputresource:"..\Dll\libAODV.dll;#2" /manifest Debug\AODV.dll.intermediate.manifest
       FinalizeBuildStatus:
         Deleting file "Debug\AODV.unsuccessfulbuild".
         Touching "Debug\AODV.lastbuildstate".
     1>Done Building Project "D:\File_Exchange_v9.0&v9.1\Projects_v9_x86\Sink_Hole_using_AODV_v9\AODV\AODV.vcxproj" (rebuild target(s)).

Build succeeded.

Time Elapsed 00:00:03.71
