C:\USERS\UPAL\DESKTOP\PROJECTS_9_32BITS\SINK HOLE IN AODV\AODV\DEBUG\AODV.DLL.INTERMEDIATE.MANIFEST
C:\USERS\UPAL\DESKTOP\PROJECTS_9_32BITS\SINK HOLE IN AODV\AODV\DEBUG\AODV.OBJ
C:\USERS\UPAL\DESKTOP\PROJECTS_9_32BITS\SINK HOLE IN AODV\AODV\DEBUG\AODV_CHECKROUTEFOUND.OBJ
C:\USERS\UPAL\DESKTOP\PROJECTS_9_32BITS\SINK HOLE IN AODV\AODV\DEBUG\AODV_ROUTEERROR.OBJ
C:\USERS\UPAL\DESKTOP\PROJECTS_9_32BITS\SINK HOLE IN AODV\AODV\DEBUG\FIFOBUFFER.OBJ
C:\USERS\UPAL\DESKTOP\PROJECTS_9_32BITS\SINK HOLE IN AODV\AODV\DEBUG\GENERALPACKETPROCESSING.OBJ
C:\USERS\UPAL\DESKTOP\PROJECTS_9_32BITS\SINK HOLE IN AODV\AODV\DEBUG\HELLOMESSAGE.OBJ
C:\USERS\UPAL\DESKTOP\PROJECTS_9_32BITS\SINK HOLE IN AODV\AODV\DEBUG\MALICIOUS.OBJ
C:\USERS\UPAL\DESKTOP\PROJECTS_9_32BITS\SINK HOLE IN AODV\AODV\DEBUG\ROUTEMAINT.OBJ
C:\USERS\UPAL\DESKTOP\PROJECTS_9_32BITS\SINK HOLE IN AODV\AODV\DEBUG\ROUTETABLE.OBJ
C:\USERS\UPAL\DESKTOP\PROJECTS_9_32BITS\SINK HOLE IN AODV\AODV\DEBUG\RREP.OBJ
C:\USERS\UPAL\DESKTOP\PROJECTS_9_32BITS\SINK HOLE IN AODV\AODV\DEBUG\RREQ.OBJ
C:\USERS\UPAL\DESKTOP\PROJECTS_9_32BITS\SINK HOLE IN AODV\AODV\DEBUG\VC100.PDB
C:\Users\Upal\Desktop\Projects_9_32bits\Sink Hole in AODV\Dll\AODV.exp
C:\Users\Upal\Desktop\Projects_9_32bits\Sink Hole in AODV\Dll\AODV.lib
C:\USERS\UPAL\DESKTOP\PROJECTS_9_32BITS\SINK HOLE IN AODV\DLL\AODV.PDB
C:\USERS\UPAL\DESKTOP\PROJECTS_9_32BITS\SINK HOLE IN AODV\DLL\LIBAODV.DLL
D:\File_Exchange_v9.0&v9.1\Projects_v9_x86\Sink_Hole_using_AODV_v9\AODV\Debug\AODV.dll.intermediate.manifest
D:\File_Exchange_v9.0&v9.1\Projects_v9_x86\Sink_Hole_using_AODV_v9\AODV\Debug\AODV.obj
D:\File_Exchange_v9.0&v9.1\Projects_v9_x86\Sink_Hole_using_AODV_v9\AODV\Debug\AODV.vcxprojResolveAssemblyReference.cache
D:\File_Exchange_v9.0&v9.1\Projects_v9_x86\Sink_Hole_using_AODV_v9\AODV\Debug\AODV.write.1.tlog
D:\File_Exchange_v9.0&v9.1\Projects_v9_x86\Sink_Hole_using_AODV_v9\AODV\Debug\AODV_CheckRouteFound.obj
D:\File_Exchange_v9.0&v9.1\Projects_v9_x86\Sink_Hole_using_AODV_v9\AODV\Debug\AODV_RouteError.obj
D:\File_Exchange_v9.0&v9.1\Projects_v9_x86\Sink_Hole_using_AODV_v9\AODV\Debug\cl.command.1.tlog
D:\File_Exchange_v9.0&v9.1\Projects_v9_x86\Sink_Hole_using_AODV_v9\AODV\Debug\CL.read.1.tlog
D:\File_Exchange_v9.0&v9.1\Projects_v9_x86\Sink_Hole_using_AODV_v9\AODV\Debug\CL.write.1.tlog
D:\File_Exchange_v9.0&v9.1\Projects_v9_x86\Sink_Hole_using_AODV_v9\AODV\Debug\FIFOBuffer.obj
D:\File_Exchange_v9.0&v9.1\Projects_v9_x86\Sink_Hole_using_AODV_v9\AODV\Debug\GeneralPacketProcessing.obj
D:\File_Exchange_v9.0&v9.1\Projects_v9_x86\Sink_Hole_using_AODV_v9\AODV\Debug\HelloMessage.obj
D:\File_Exchange_v9.0&v9.1\Projects_v9_x86\Sink_Hole_using_AODV_v9\AODV\Debug\link.6384.read.1.tlog
D:\File_Exchange_v9.0&v9.1\Projects_v9_x86\Sink_Hole_using_AODV_v9\AODV\Debug\link.6384.write.1.tlog
D:\File_Exchange_v9.0&v9.1\Projects_v9_x86\Sink_Hole_using_AODV_v9\AODV\Debug\link.command.1.tlog
D:\File_Exchange_v9.0&v9.1\Projects_v9_x86\Sink_Hole_using_AODV_v9\AODV\Debug\link.read.1.tlog
D:\File_Exchange_v9.0&v9.1\Projects_v9_x86\Sink_Hole_using_AODV_v9\AODV\Debug\link.write.1.tlog
D:\File_Exchange_v9.0&v9.1\Projects_v9_x86\Sink_Hole_using_AODV_v9\AODV\Debug\Malicious.obj
D:\File_Exchange_v9.0&v9.1\Projects_v9_x86\Sink_Hole_using_AODV_v9\AODV\Debug\mt.command.1.tlog
D:\File_Exchange_v9.0&v9.1\Projects_v9_x86\Sink_Hole_using_AODV_v9\AODV\Debug\mt.read.1.tlog
D:\File_Exchange_v9.0&v9.1\Projects_v9_x86\Sink_Hole_using_AODV_v9\AODV\Debug\mt.write.1.tlog
D:\File_Exchange_v9.0&v9.1\Projects_v9_x86\Sink_Hole_using_AODV_v9\AODV\Debug\RouteMaint.obj
D:\File_Exchange_v9.0&v9.1\Projects_v9_x86\Sink_Hole_using_AODV_v9\AODV\Debug\RouteTable.obj
D:\File_Exchange_v9.0&v9.1\Projects_v9_x86\Sink_Hole_using_AODV_v9\AODV\Debug\RREP.obj
D:\File_Exchange_v9.0&v9.1\Projects_v9_x86\Sink_Hole_using_AODV_v9\AODV\Debug\RREQ.obj
D:\File_Exchange_v9.0&v9.1\Projects_v9_x86\Sink_Hole_using_AODV_v9\AODV\Debug\vc100.idb
D:\File_Exchange_v9.0&v9.1\Projects_v9_x86\Sink_Hole_using_AODV_v9\AODV\Debug\vc100.pdb
